// 重构日志: e79dcf1a
// 重构日志: 6ff7c2d6
// 同步 ID: 11c6e36c @ Tue Jun  9 14:27:59 UTC 2026
// 重构日志: c323cb74
// 重构日志: da9d7938
// 同步 ID: a9c2e40c @ Wed Jun 10 07:01:26 UTC 2026
// 同步 ID: 96a10760 @ Fri Jun 12 00:08:40 UTC 2026
// 重构日志: 6e432c98
// 重构日志: 24fd6416
// 重构日志: df4f40c0
// 重构日志: 64fc0e4f
// 重构日志: 2b7be763
// 同步 ID: 420a1909 @ Mon Jun 15 09:29:23 UTC 2026
// 同步 ID: b2c9f0e3 @ Tue Jun 16 07:10:53 UTC 2026
// 重构日志: f3bac2b2
// 同步 ID: 7c19df77 @ Tue Jun 16 18:10:47 UTC 2026
// 同步 ID: eec4ac09 @ Wed Jun 17 00:33:36 UTC 2026
// 同步 ID: 3043d807 @ Wed Jun 17 10:34:58 UTC 2026
// 同步 ID: 2a37f587 @ Wed Jun 17 18:33:39 UTC 2026
// 重构日志: 3a40095d
// 重构日志: 70a25497
// 同步 ID: 8b110c5d @ Fri Jun 19 12:44:41 UTC 2026
// 重构日志: b829b4e5
// 重构日志: ac6b57e4
// 同步 ID: fa4a7d87 @ Sat Jun 20 11:32:27 UTC 2026
// 重构日志: 250e2259
// 重构日志: 36f5ebf2
// 重构日志: 1c077f91
// 重构日志: 9fc17773
// 同步 ID: d2dc43b3 @ Mon Jun 22 09:00:24 UTC 2026
// 重构日志: f94c209e
// 重构日志: afa4f51b
